mode: atomic
github.com/dckristiono/go-fiber-keycloak-auth/example/unified/main.go:11.13,32.40 5 0
github.com/dckristiono/go-fiber-keycloak-auth/example/unified/main.go:32.40,34.3 1 0
github.com/dckristiono/go-fiber-keycloak-auth/example/unified/main.go:37.2,39.31 1 0
github.com/dckristiono/go-fiber-keycloak-auth/example/unified/main.go:39.31,45.3 2 0
github.com/dckristiono/go-fiber-keycloak-auth/example/unified/main.go:48.2,50.31 1 0
github.com/dckristiono/go-fiber-keycloak-auth/example/unified/main.go:50.31,51.39 1 0
github.com/dckristiono/go-fiber-keycloak-auth/example/unified/main.go:51.39,53.4 1 0
github.com/dckristiono/go-fiber-keycloak-auth/example/unified/main.go:55.3,59.5 2 0
github.com/dckristiono/go-fiber-keycloak-auth/example/unified/main.go:63.2,66.31 1 0
github.com/dckristiono/go-fiber-keycloak-auth/example/unified/main.go:66.31,72.3 2 0
github.com/dckristiono/go-fiber-keycloak-auth/example/unified/main.go:75.2,82.31 1 0
github.com/dckristiono/go-fiber-keycloak-auth/example/unified/main.go:82.31,89.3 1 0
github.com/dckristiono/go-fiber-keycloak-auth/example/unified/main.go:92.2,113.31 1 0
github.com/dckristiono/go-fiber-keycloak-auth/example/unified/main.go:113.31,123.63 3 0
github.com/dckristiono/go-fiber-keycloak-auth/example/unified/main.go:123.63,125.4 1 0
github.com/dckristiono/go-fiber-keycloak-auth/example/unified/main.go:127.3,127.65 1 0
github.com/dckristiono/go-fiber-keycloak-auth/example/unified/main.go:127.65,129.4 1 0
github.com/dckristiono/go-fiber-keycloak-auth/example/unified/main.go:131.3,131.68 1 0
github.com/dckristiono/go-fiber-keycloak-auth/example/unified/main.go:131.68,133.4 1 0
github.com/dckristiono/go-fiber-keycloak-auth/example/unified/main.go:135.3,135.26 1 0
github.com/dckristiono/go-fiber-keycloak-auth/example/unified/main.go:139.2,160.31 1 0
github.com/dckristiono/go-fiber-keycloak-auth/example/unified/main.go:160.31,161.39 1 0
github.com/dckristiono/go-fiber-keycloak-auth/example/unified/main.go:161.39,163.4 1 0
github.com/dckristiono/go-fiber-keycloak-auth/example/unified/main.go:165.3,173.63 2 0
github.com/dckristiono/go-fiber-keycloak-auth/example/unified/main.go:173.63,175.4 1 0
github.com/dckristiono/go-fiber-keycloak-auth/example/unified/main.go:177.3,177.84 1 0
github.com/dckristiono/go-fiber-keycloak-auth/example/unified/main.go:177.84,179.4 1 0
github.com/dckristiono/go-fiber-keycloak-auth/example/unified/main.go:181.3,181.26 1 0
github.com/dckristiono/go-fiber-keycloak-auth/example/unified/main.go:185.2,185.32 1 0
github.com/dckristiono/go-fiber-keycloak-auth/example/advanced/main.go:11.13,44.31 5 0
github.com/dckristiono/go-fiber-keycloak-auth/example/advanced/main.go:44.31,59.3 6 0
github.com/dckristiono/go-fiber-keycloak-auth/example/advanced/main.go:64.2,66.31 1 0
github.com/dckristiono/go-fiber-keycloak-auth/example/advanced/main.go:66.31,77.3 3 0
github.com/dckristiono/go-fiber-keycloak-auth/example/advanced/main.go:82.2,114.31 1 0
github.com/dckristiono/go-fiber-keycloak-auth/example/advanced/main.go:114.31,127.63 3 0
github.com/dckristiono/go-fiber-keycloak-auth/example/advanced/main.go:127.63,129.4 1 0
github.com/dckristiono/go-fiber-keycloak-auth/example/advanced/main.go:130.3,130.69 1 0
github.com/dckristiono/go-fiber-keycloak-auth/example/advanced/main.go:130.69,132.4 1 0
github.com/dckristiono/go-fiber-keycloak-auth/example/advanced/main.go:133.3,133.84 1 0
github.com/dckristiono/go-fiber-keycloak-auth/example/advanced/main.go:133.84,135.4 1 0
github.com/dckristiono/go-fiber-keycloak-auth/example/advanced/main.go:138.3,138.57 1 0
github.com/dckristiono/go-fiber-keycloak-auth/example/advanced/main.go:138.57,140.4 1 0
github.com/dckristiono/go-fiber-keycloak-auth/example/advanced/main.go:141.3,141.66 1 0
github.com/dckristiono/go-fiber-keycloak-auth/example/advanced/main.go:141.66,143.4 1 0
github.com/dckristiono/go-fiber-keycloak-auth/example/advanced/main.go:146.3,146.69 1 0
github.com/dckristiono/go-fiber-keycloak-auth/example/advanced/main.go:146.69,148.4 1 0
github.com/dckristiono/go-fiber-keycloak-auth/example/advanced/main.go:149.3,149.78 1 0
github.com/dckristiono/go-fiber-keycloak-auth/example/advanced/main.go:149.78,151.4 1 0
github.com/dckristiono/go-fiber-keycloak-auth/example/advanced/main.go:153.3,153.26 1 0
github.com/dckristiono/go-fiber-keycloak-auth/example/advanced/main.go:157.2,157.32 1 0
github.com/dckristiono/go-fiber-keycloak-auth/example/basic/main.go:11.13,32.40 5 0
github.com/dckristiono/go-fiber-keycloak-auth/example/basic/main.go:32.40,34.3 1 0
github.com/dckristiono/go-fiber-keycloak-auth/example/basic/main.go:39.2,41.31 1 0
github.com/dckristiono/go-fiber-keycloak-auth/example/basic/main.go:41.31,48.3 2 0
github.com/dckristiono/go-fiber-keycloak-auth/example/basic/main.go:53.2,56.31 1 0
github.com/dckristiono/go-fiber-keycloak-auth/example/basic/main.go:56.31,62.3 2 0
github.com/dckristiono/go-fiber-keycloak-auth/example/basic/main.go:67.2,70.31 1 0
github.com/dckristiono/go-fiber-keycloak-auth/example/basic/main.go:70.31,76.3 2 0
github.com/dckristiono/go-fiber-keycloak-auth/example/basic/main.go:81.2,84.31 1 0
github.com/dckristiono/go-fiber-keycloak-auth/example/basic/main.go:84.31,85.39 1 0
github.com/dckristiono/go-fiber-keycloak-auth/example/basic/main.go:85.39,87.4 1 0
github.com/dckristiono/go-fiber-keycloak-auth/example/basic/main.go:89.3,91.39 2 0
github.com/dckristiono/go-fiber-keycloak-auth/example/basic/main.go:91.39,97.4 1 0
github.com/dckristiono/go-fiber-keycloak-auth/example/basic/main.go:99.3,102.5 1 0
github.com/dckristiono/go-fiber-keycloak-auth/example/basic/main.go:106.2,106.32 1 0
github.com/dckristiono/go-fiber-keycloak-auth/auth.go:26.39,28.50 1 20
github.com/dckristiono/go-fiber-keycloak-auth/auth.go:28.50,29.43 1 2
github.com/dckristiono/go-fiber-keycloak-auth/auth.go:33.2,33.27 1 18
github.com/dckristiono/go-fiber-keycloak-auth/auth.go:33.27,34.32 1 1
github.com/dckristiono/go-fiber-keycloak-auth/auth.go:40.2,40.31 1 17
github.com/dckristiono/go-fiber-keycloak-auth/auth.go:40.31,42.3 1 15
github.com/dckristiono/go-fiber-keycloak-auth/auth.go:44.2,44.31 1 17
github.com/dckristiono/go-fiber-keycloak-auth/auth.go:44.31,46.3 1 14
github.com/dckristiono/go-fiber-keycloak-auth/auth.go:48.2,51.3 1 17
github.com/dckristiono/go-fiber-keycloak-auth/auth.go:55.57,57.2 1 14
github.com/dckristiono/go-fiber-keycloak-auth/auth.go:60.49,62.100 1 19
github.com/dckristiono/go-fiber-keycloak-auth/auth.go:62.100,64.3 1 2
github.com/dckristiono/go-fiber-keycloak-auth/auth.go:67.2,68.16 2 17
github.com/dckristiono/go-fiber-keycloak-auth/auth.go:68.16,70.3 1 2
github.com/dckristiono/go-fiber-keycloak-auth/auth.go:71.2,73.38 2 15
github.com/dckristiono/go-fiber-keycloak-auth/auth.go:73.38,75.3 1 2
github.com/dckristiono/go-fiber-keycloak-auth/auth.go:77.2,78.65 2 13
github.com/dckristiono/go-fiber-keycloak-auth/auth.go:78.65,80.3 1 1
github.com/dckristiono/go-fiber-keycloak-auth/auth.go:83.2,83.24 1 12
github.com/dckristiono/go-fiber-keycloak-auth/auth.go:83.24,86.3 2 3
github.com/dckristiono/go-fiber-keycloak-auth/auth.go:88.2,88.19 1 12
github.com/dckristiono/go-fiber-keycloak-auth/auth.go:92.64,94.16 2 9
github.com/dckristiono/go-fiber-keycloak-auth/auth.go:94.16,96.3 1 1
github.com/dckristiono/go-fiber-keycloak-auth/auth.go:98.2,99.9 2 8
github.com/dckristiono/go-fiber-keycloak-auth/auth.go:99.9,101.3 1 2
github.com/dckristiono/go-fiber-keycloak-auth/auth.go:103.2,103.32 1 6
github.com/dckristiono/go-fiber-keycloak-auth/auth.go:103.32,104.21 1 9
github.com/dckristiono/go-fiber-keycloak-auth/auth.go:104.21,106.4 1 2
github.com/dckristiono/go-fiber-keycloak-auth/auth.go:109.2,109.63 1 4
github.com/dckristiono/go-fiber-keycloak-auth/auth.go:113.55,116.16 2 3
github.com/dckristiono/go-fiber-keycloak-auth/auth.go:116.16,118.3 1 1
github.com/dckristiono/go-fiber-keycloak-auth/auth.go:120.2,121.16 2 2
github.com/dckristiono/go-fiber-keycloak-auth/auth.go:121.16,123.3 1 1
github.com/dckristiono/go-fiber-keycloak-auth/auth.go:126.2,130.30 3 1
github.com/dckristiono/go-fiber-keycloak-auth/auth.go:130.30,132.3 1 3
github.com/dckristiono/go-fiber-keycloak-auth/auth.go:135.2,138.8 1 1
github.com/dckristiono/go-fiber-keycloak-auth/auth.go:143.60,147.25 2 19
github.com/dckristiono/go-fiber-keycloak-auth/auth.go:148.39,149.40 1 5
github.com/dckristiono/go-fiber-keycloak-auth/auth.go:150.10,151.52 1 14
github.com/dckristiono/go-fiber-keycloak-auth/auth.go:154.2,154.22 1 5
github.com/dckristiono/go-fiber-keycloak-auth/auth.go:154.22,156.3 1 1
github.com/dckristiono/go-fiber-keycloak-auth/auth.go:158.2,159.62 2 4
github.com/dckristiono/go-fiber-keycloak-auth/auth.go:159.62,161.3 1 2
github.com/dckristiono/go-fiber-keycloak-auth/auth.go:163.2,163.22 1 2
github.com/dckristiono/go-fiber-keycloak-auth/auth.go:167.83,168.112 1 11
github.com/dckristiono/go-fiber-keycloak-auth/auth.go:168.112,170.57 1 3
github.com/dckristiono/go-fiber-keycloak-auth/auth.go:170.57,172.4 1 1
github.com/dckristiono/go-fiber-keycloak-auth/auth.go:175.3,176.17 2 2
github.com/dckristiono/go-fiber-keycloak-auth/auth.go:176.17,178.4 1 2
github.com/dckristiono/go-fiber-keycloak-auth/auth.go:181.3,181.29 1 0
github.com/dckristiono/go-fiber-keycloak-auth/auth.go:184.2,184.16 1 11
github.com/dckristiono/go-fiber-keycloak-auth/auth.go:184.16,186.3 1 11
github.com/dckristiono/go-fiber-keycloak-auth/auth.go:188.2,189.25 2 0
github.com/dckristiono/go-fiber-keycloak-auth/auth.go:189.25,191.3 1 0
github.com/dckristiono/go-fiber-keycloak-auth/auth.go:194.2,194.55 1 0
github.com/dckristiono/go-fiber-keycloak-auth/auth.go:194.55,196.31 2 0
github.com/dckristiono/go-fiber-keycloak-auth/auth.go:196.31,204.23 1 0
github.com/dckristiono/go-fiber-keycloak-auth/auth.go:204.23,206.5 1 0
github.com/dckristiono/go-fiber-keycloak-auth/auth.go:210.2,210.20 1 0
github.com/dckristiono/go-fiber-keycloak-auth/compatibility.go:9.48,13.2 1 3
github.com/dckristiono/go-fiber-keycloak-auth/compatibility.go:16.67,21.2 1 3
github.com/dckristiono/go-fiber-keycloak-auth/compatibility.go:24.71,29.2 1 4
github.com/dckristiono/go-fiber-keycloak-auth/compatibility.go:32.53,36.2 1 3
github.com/dckristiono/go-fiber-keycloak-auth/compatibility.go:39.76,44.2 1 3
github.com/dckristiono/go-fiber-keycloak-auth/compatibility.go:47.87,52.2 1 4
github.com/dckristiono/go-fiber-keycloak-auth/compatibility.go:55.112,61.2 1 3
github.com/dckristiono/go-fiber-keycloak-auth/compatibility.go:64.106,69.2 1 3
github.com/dckristiono/go-fiber-keycloak-auth/helpers.go:10.52,13.2 2 34
github.com/dckristiono/go-fiber-keycloak-auth/helpers.go:16.46,18.9 2 6
github.com/dckristiono/go-fiber-keycloak-auth/helpers.go:18.9,20.3 1 1
github.com/dckristiono/go-fiber-keycloak-auth/helpers.go:23.2,23.43 1 5
github.com/dckristiono/go-fiber-keycloak-auth/helpers.go:23.43,24.16 1 5
github.com/dckristiono/go-fiber-keycloak-auth/helpers.go:24.16,26.4 1 2
github.com/dckristiono/go-fiber-keycloak-auth/helpers.go:29.2,29.14 1 3
github.com/dckristiono/go-fiber-keycloak-auth/helpers.go:33.62,35.9 2 8
github.com/dckristiono/go-fiber-keycloak-auth/helpers.go:35.9,37.3 1 1
github.com/dckristiono/go-fiber-keycloak-auth/helpers.go:40.2,40.66 1 7
github.com/dckristiono/go-fiber-keycloak-auth/helpers.go:40.66,41.39 1 5
github.com/dckristiono/go-fiber-keycloak-auth/helpers.go:41.39,42.17 1 6
github.com/dckristiono/go-fiber-keycloak-auth/helpers.go:42.17,44.5 1 3
github.com/dckristiono/go-fiber-keycloak-auth/helpers.go:48.2,48.14 1 4
github.com/dckristiono/go-fiber-keycloak-auth/helpers.go:52.41,55.2 2 2
github.com/dckristiono/go-fiber-keycloak-auth/helpers.go:58.42,61.2 2 4
github.com/dckristiono/go-fiber-keycloak-auth/helpers.go:64.71,66.9 2 15
github.com/dckristiono/go-fiber-keycloak-auth/helpers.go:66.9,68.3 1 1
github.com/dckristiono/go-fiber-keycloak-auth/helpers.go:70.2,71.28 2 14
github.com/dckristiono/go-fiber-keycloak-auth/helpers.go:75.45,77.9 2 4
github.com/dckristiono/go-fiber-keycloak-auth/helpers.go:77.9,79.3 1 3
github.com/dckristiono/go-fiber-keycloak-auth/helpers.go:80.2,80.14 1 1
github.com/dckristiono/go-fiber-keycloak-auth/helpers.go:84.69,91.34 3 13
github.com/dckristiono/go-fiber-keycloak-auth/helpers.go:91.34,92.69 1 4
github.com/dckristiono/go-fiber-keycloak-auth/helpers.go:92.69,94.4 1 3
github.com/dckristiono/go-fiber-keycloak-auth/helpers.go:97.2,97.14 1 13
github.com/dckristiono/go-fiber-keycloak-auth/helpers.go:102.70,104.21 2 47
github.com/dckristiono/go-fiber-keycloak-auth/helpers.go:104.21,106.3 1 0
github.com/dckristiono/go-fiber-keycloak-auth/helpers.go:109.2,113.17 3 47
github.com/dckristiono/go-fiber-keycloak-auth/helpers.go:114.28,115.34 1 3
github.com/dckristiono/go-fiber-keycloak-auth/helpers.go:116.20,117.26 1 1
github.com/dckristiono/go-fiber-keycloak-auth/helpers.go:118.21,119.27 1 1
github.com/dckristiono/go-fiber-keycloak-auth/helpers.go:120.15,121.22 1 2
github.com/dckristiono/go-fiber-keycloak-auth/helpers.go:122.24,123.30 1 1
github.com/dckristiono/go-fiber-keycloak-auth/helpers.go:124.20,125.30 1 28
github.com/dckristiono/go-fiber-keycloak-auth/helpers.go:126.10,128.49 1 11
github.com/dckristiono/go-fiber-keycloak-auth/helpers.go:128.49,130.4 1 5
github.com/dckristiono/go-fiber-keycloak-auth/helpers.go:130.9,132.4 1 6
github.com/dckristiono/go-fiber-keycloak-auth/helpers.go:136.2,136.21 1 33
github.com/dckristiono/go-fiber-keycloak-auth/helpers.go:136.21,138.3 1 1
github.com/dckristiono/go-fiber-keycloak-auth/helpers.go:141.2,141.34 1 32
github.com/dckristiono/go-fiber-keycloak-auth/helpers.go:141.34,144.10 2 47
github.com/dckristiono/go-fiber-keycloak-auth/helpers.go:144.10,146.63 1 7
github.com/dckristiono/go-fiber-keycloak-auth/helpers.go:146.63,149.40 2 3
github.com/dckristiono/go-fiber-keycloak-auth/helpers.go:149.40,151.6 1 4
github.com/dckristiono/go-fiber-keycloak-auth/helpers.go:152.10,155.5 1 4
github.com/dckristiono/go-fiber-keycloak-auth/helpers.go:159.3,160.21 2 43
github.com/dckristiono/go-fiber-keycloak-auth/helpers.go:160.21,162.4 1 7
github.com/dckristiono/go-fiber-keycloak-auth/helpers.go:165.2,165.16 1 21
github.com/dckristiono/go-fiber-keycloak-auth/middleware.go:10.64,11.34 1 33
github.com/dckristiono/go-fiber-keycloak-auth/middleware.go:11.34,14.24 2 33
github.com/dckristiono/go-fiber-keycloak-auth/middleware.go:14.24,16.4 1 9
github.com/dckristiono/go-fiber-keycloak-auth/middleware.go:19.3,20.23 2 33
github.com/dckristiono/go-fiber-keycloak-auth/middleware.go:20.23,22.16 1 20
github.com/dckristiono/go-fiber-keycloak-auth/middleware.go:22.16,26.5 1 15
github.com/dckristiono/go-fiber-keycloak-auth/middleware.go:29.4,30.19 2 5
github.com/dckristiono/go-fiber-keycloak-auth/middleware.go:34.3,35.17 2 13
github.com/dckristiono/go-fiber-keycloak-auth/middleware.go:35.17,37.16 1 13
github.com/dckristiono/go-fiber-keycloak-auth/middleware.go:37.16,41.5 1 9
github.com/dckristiono/go-fiber-keycloak-auth/middleware.go:44.4,45.19 2 4
github.com/dckristiono/go-fiber-keycloak-auth/middleware.go:49.3,50.17 2 0
github.com/dckristiono/go-fiber-keycloak-auth/middleware.go:50.17,52.16 1 0
github.com/dckristiono/go-fiber-keycloak-auth/middleware.go:52.16,56.5 1 0
github.com/dckristiono/go-fiber-keycloak-auth/middleware.go:59.4,60.19 2 0
github.com/dckristiono/go-fiber-keycloak-auth/middleware.go:64.3,71.29 3 0
github.com/dckristiono/go-fiber-keycloak-auth/middleware.go:71.29,75.39 3 0
github.com/dckristiono/go-fiber-keycloak-auth/middleware.go:75.39,76.40 1 0
github.com/dckristiono/go-fiber-keycloak-auth/middleware.go:76.40,77.26 1 0
github.com/dckristiono/go-fiber-keycloak-auth/middleware.go:77.26,79.12 2 0
github.com/dckristiono/go-fiber-keycloak-auth/middleware.go:82.5,82.16 1 0
github.com/dckristiono/go-fiber-keycloak-auth/middleware.go:82.16,83.11 1 0
github.com/dckristiono/go-fiber-keycloak-auth/middleware.go:87.4,90.50 2 0
github.com/dckristiono/go-fiber-keycloak-auth/middleware.go:90.50,94.5 1 0
github.com/dckristiono/go-fiber-keycloak-auth/middleware.go:95.9,98.4 1 0
github.com/dckristiono/go-fiber-keycloak-auth/middleware.go:101.3,101.41 1 0
github.com/dckristiono/go-fiber-keycloak-auth/middleware.go:101.41,102.55 1 0
github.com/dckristiono/go-fiber-keycloak-auth/middleware.go:102.55,104.21 2 0
github.com/dckristiono/go-fiber-keycloak-auth/middleware.go:104.21,109.6 3 0
github.com/dckristiono/go-fiber-keycloak-auth/middleware.go:114.3,114.24 1 0
github.com/dckristiono/go-fiber-keycloak-auth/middleware.go:114.24,118.49 3 0
github.com/dckristiono/go-fiber-keycloak-auth/middleware.go:118.49,121.40 2 0
github.com/dckristiono/go-fiber-keycloak-auth/middleware.go:121.40,122.34 1 0
github.com/dckristiono/go-fiber-keycloak-auth/middleware.go:122.34,125.12 3 0
github.com/dckristiono/go-fiber-keycloak-auth/middleware.go:129.5,129.16 1 0
github.com/dckristiono/go-fiber-keycloak-auth/middleware.go:129.16,131.57 1 0
github.com/dckristiono/go-fiber-keycloak-auth/middleware.go:131.57,133.23 2 0
github.com/dckristiono/go-fiber-keycloak-auth/middleware.go:133.23,138.8 3 0
github.com/dckristiono/go-fiber-keycloak-auth/middleware.go:142.6,143.28 2 0
github.com/dckristiono/go-fiber-keycloak-auth/middleware.go:143.28,145.7 1 0
github.com/dckristiono/go-fiber-keycloak-auth/middleware.go:145.12,147.7 1 0
github.com/dckristiono/go-fiber-keycloak-auth/middleware.go:148.6,148.44 1 0
github.com/dckristiono/go-fiber-keycloak-auth/middleware.go:153.4,153.62 1 0
github.com/dckristiono/go-fiber-keycloak-auth/middleware.go:153.62,157.5 1 0
github.com/dckristiono/go-fiber-keycloak-auth/middleware.go:161.3,161.18 1 0
